<?xml version="1.0" encoding="UTF-8"?>
<testsuite name="com.example.springboot.web.dto.HelloResponseDtoTest" tests="1" skipped="0" failures="0" errors="0" timestamp="2021-06-10T07:21:48" hostname="imminseob-ui-MacBookPro.local" time="0.04">
  <properties/>
  <testcase name="롬복_기능테스트" classname="com.example.springboot.web.dto.HelloResponseDtoTest" time="0.04"/>
  <system-out><![CDATA[]]></system-out>
  <system-err><![CDATA[]]></system-err>
</testsuite>
